2026-05-20 00:14:22 | checked=6 executed=0 et=10:14
  DETAIL: {"checked":6,"executed":0,"et_time":"10:14","prices":{"QQQM":"$287.15","QQQ":"$697.33"},"results":[{"id":"b1a6a99a-277e-4aed-b8f3-568dc8ec25da","ticker":"QQQM","skip":"IV Rank unavailable â?? bridge offline?"},{"id":"1c8bbb6c-df3d-44f8-8b19-898df16c360e","ticker":"QQQM","skip":"IV Rank unavailable â?? bridge offline?"},{"id":"8e3f3de0-d0d6-4abc-a8ba-0b46434f7d43","ticker":"QQQ","skip":"IV Rank unavailable â?? bridge offline?"},{"id":"0f042d55-c4e2-4501-8770-432df5abeefe","ticker":"QQQ","skip":"IV Rank unavailable â?? bridge offline?"},{"id":"f87780a4-7b9d-4fed-aa6a-04baea0af209","ticker":"QQQM","skip":"IV Rank unavailable â?? bridge offline?"},{"id":"0aa932ff-1ae1-4e68-80ce-415f70b1f89a","ticker":"QQQM","skip":"IV Rank unavailable â?? bridge offline?"}]}
2026-05-20 00:20:47 | ERROR: The operation has timed out.
2026-05-20 00:50:47 | ERROR: The operation has timed out.
2026-05-20 01:20:47 | ERROR: The operation has timed out.
2026-05-20 01:50:47 | checked=6 executed=0 et=11:50
  DETAIL: {"checked":6,"executed":0,"et_time":"11:50","prices":{"QQQM":"$288.005","QQQ":"$699.66"},"results":[{"id":"0aa932ff-1ae1-4e68-80ce-415f70b1f89a","ticker":"QQQM","skip":"IV Rank unavailable â?? bridge offline?"},{"id":"b1a6a99a-277e-4aed-b8f3-568dc8ec25da","ticker":"QQQM","skip":"IV Rank unavailable â?? bridge offline?"},{"id":"1c8bbb6c-df3d-44f8-8b19-898df16c360e","ticker":"QQQM","skip":"IV Rank unavailable â?? bridge offline?"},{"id":"8e3f3de0-d0d6-4abc-a8ba-0b46434f7d43","ticker":"QQQ","skip":"IV Rank unavailable â?? bridge offline?"},{"id":"0f042d55-c4e2-4501-8770-432df5abeefe","ticker":"QQQ","skip":"IV Rank unavailable â?? bridge offline?"},{"id":"f87780a4-7b9d-4fed-aa6a-04baea0af209","ticker":"QQQM","skip":"IV Rank unavailable â?? bridge offline?"}]}
2026-05-20 02:20:47 | ERROR: The operation has timed out.
2026-05-20 02:50:47 | checked=6 executed=0 et=12:50
  DETAIL: {"checked":6,"executed":0,"et_time":"12:50","prices":{"QQQM":"$289.38","QQQ":"$702.84"},"results":[{"id":"0aa932ff-1ae1-4e68-80ce-415f70b1f89a","ticker":"QQQM","skip":"IV Rank unavailable â?? bridge offline?"},{"id":"f87780a4-7b9d-4fed-aa6a-04baea0af209","ticker":"QQQM","skip":"IV Rank unavailable â?? bridge offline?"},{"id":"b1a6a99a-277e-4aed-b8f3-568dc8ec25da","ticker":"QQQM","skip":"IV Rank unavailable â?? bridge offline?"},{"id":"1c8bbb6c-df3d-44f8-8b19-898df16c360e","ticker":"QQQM","skip":"IV Rank unavailable â?? bridge offline?"},{"id":"8e3f3de0-d0d6-4abc-a8ba-0b46434f7d43","ticker":"QQQ","skip":"IV Rank unavailable â?? bridge offline?"},{"id":"0f042d55-c4e2-4501-8770-432df5abeefe","ticker":"QQQ","skip":"IV Rank unavailable â?? bridge offline?"}]}
2026-05-20 03:20:47 | ERROR: The operation has timed out.
2026-05-20 03:50:47 | ERROR: The operation has timed out.
2026-05-20 04:20:47 | ERROR: The operation has timed out.
2026-05-20 04:50:47 | checked=6 executed=0 et=14:50
  DETAIL: {"checked":6,"executed":0,"et_time":"14:50","prices":{"QQQM":"$289.73","QQQ":"$703.65"},"results":[{"id":"8e3f3de0-d0d6-4abc-a8ba-0b46434f7d43","ticker":"QQQ","skip":"IV Rank unavailable â?? bridge offline?"},{"id":"0f042d55-c4e2-4501-8770-432df5abeefe","ticker":"QQQ","skip":"IV Rank unavailable â?? bridge offline?"},{"id":"f87780a4-7b9d-4fed-aa6a-04baea0af209","ticker":"QQQM","skip":"IV Rank unavailable â?? bridge offline?"},{"id":"b1a6a99a-277e-4aed-b8f3-568dc8ec25da","ticker":"QQQM","skip":"IV Rank unavailable â?? bridge offline?"},{"id":"1c8bbb6c-df3d-44f8-8b19-898df16c360e","ticker":"QQQM","skip":"IV Rank unavailable â?? bridge offline?"},{"id":"0aa932ff-1ae1-4e68-80ce-415f70b1f89a","ticker":"QQQM","skip":"IV Rank unavailable â?? bridge offline?"}]}
2026-05-20 05:20:47 | ERROR: The operation has timed out.
2026-05-20 05:50:47 | checked=6 executed=0 et=15:50
  DETAIL: {"checked":6,"executed":0,"et_time":"15:50","prices":{"QQQM":"$288.91","QQQ":"$701.725"},"results":[{"id":"1c8bbb6c-df3d-44f8-8b19-898df16c360e","ticker":"QQQM","skip":"IV Rank unavailable â?? bridge offline?"},{"id":"0aa932ff-1ae1-4e68-80ce-415f70b1f89a","ticker":"QQQM","skip":"IV Rank unavailable â?? bridge offline?"},{"id":"0f042d55-c4e2-4501-8770-432df5abeefe","ticker":"QQQ","skip":"IV Rank unavailable â?? bridge offline?"},{"id":"f87780a4-7b9d-4fed-aa6a-04baea0af209","ticker":"QQQM","skip":"IV Rank unavailable â?? bridge offline?"},{"id":"b1a6a99a-277e-4aed-b8f3-568dc8ec25da","ticker":"QQQM","skip":"IV Rank unavailable â?? bridge offline?"},{"id":"8e3f3de0-d0d6-4abc-a8ba-0b46434f7d43","ticker":"QQQ","skip":"IV Rank unavailable â?? bridge offline?"}]}
2026-05-20 06:20:47 | skipped - Outside market hours â?? no 24H orders active
2026-05-20 06:50:47 | skipped - Outside market hours â?? no 24H orders active
2026-05-20 07:20:47 | skipped - Outside market hours â?? no 24H orders active
2026-05-20 07:50:47 | skipped - Outside market hours â?? no 24H orders active
2026-05-20 09:20:48 | skipped - Outside market hours â?? no 24H orders active
2026-05-20 09:24:48 | skipped - Outside market hours â?? no 24H orders active
